fileworker@error-[2025-08-11T18:33:28]:~$ [31mError[0m: Invalid mode self.mode=<FileWorkerMode.DELETE: (7,)>
fileworker@error-[2025-08-11T18:40:19]:~$ [31mError[0m: Raised exception self.path='C:\\Users\\griuc\\Desktop\\Https Server\\data\\.trash' self.data=None e=PermissionError(13, 'пїЅпїЅпїЅпїЅпїЅпїЅпїЅпїЅ пїЅ пїЅпїЅпїЅпїЅпїЅпїЅпїЅ')
fileworker@error-[2025-08-11T18:40:39]:~$ [31mError[0m: Raised exception self.path='C:\\Users\\griuc\\Desktop\\Https Server\\data\\trash' self.data=None e=PermissionError(13, 'пїЅпїЅпїЅпїЅпїЅпїЅпїЅпїЅ пїЅ пїЅпїЅпїЅпїЅпїЅпїЅпїЅ')
fileworker@error-[2025-08-11T18:43:27]:~$ [31mError[0m: Path "C:\Users\griuc\Desktop\Https Server\data\trash" not found
fileworker@error-[2025-08-11T18:44:01]:~$ Error: Path "C:\Users\griuc\Desktop\Https Server\data\trash" not found
fileworker@error-[2025-08-11T18:44:10]:~$ [31mError[0m: Path "C:\Users\griuc\Desktop\Https Server\data\trash" not found
fileworker@error-[2025-08-11T18:44:50]:~$ [31mError[0m: Path "C:\Users\griuc\Desktop\Https Server\data\.trashbin" not found
fileworker@error-[2025-08-11T19:32:45]:~$ [31mError[0m: Raised exception self.path={'source': 'C:\\Users\\griuc\\Desktop\\Https Server\\data', 'dest': 'C:\\Users\\griuc\\Desktop\\Https Server\\data\\secret'} self.data=None e=Error("Cannot move a directory 'C:\\Users\\griuc\\Desktop\\Https Server\\data' into itself 'C:\\Users\\griuc\\Desktop\\Https Server\\data\\secret'.")
fileworker@error-[2025-08-11T19:33:28]:~$ [31mError[0m: Raised exception self.path={'source': 'C:\\Users\\griuc\\Desktop\\Https Server\\data', 'dest': 'C:\\Users\\griuc\\Desktop\\Https Server\\data\\tests'} self.data=None e=Error("Cannot move a directory 'C:\\Users\\griuc\\Desktop\\Https Server\\data' into itself 'C:\\Users\\griuc\\Desktop\\Https Server\\data\\tests'.")
fileworker@error-[2025-08-11T19:43:25]:~$ [31mError[0m: Source file not found self.path={'source': 'C:\\Users\\griuc\\Desktop\\Https Server\\data\\photos\\capture.bmp', 'dest': 'C:\\Users\\griuc\\Desktop\\Https Server\\data\\capture.bmp'}
fileworker@error-[2025-08-11T19:43:25]:~$ [31mError[0m: Path "{'source': 'C:\\Users\\griuc\\Desktop\\Https Server\\data\\photos\\capture.bmp', 'dest': 'C:\\Users\\griuc\\Desktop\\Https Server\\data\\capture.bmp'}" not found
fileworker@error-[2025-08-11T19:49:44]:~$ [31mError[0m: Raised exception self.path={'source': 'C:\\Users\\griuc\\Desktop\\Https Server\\data\\tests', 'dest': 'C:\\Users\\griuc\\Desktop\\Https Server\\data\\tests'} self.data=None e=PermissionError(13, 'пїЅпїЅпїЅпїЅпїЅпїЅпїЅпїЅ пїЅ пїЅпїЅпїЅпїЅпїЅпїЅпїЅ')
fileworker@error-[2025-08-11T19:49:47]:~$ [31mError[0m: Raised exception self.path={'source': 'C:\\Users\\griuc\\Desktop\\Https Server\\data\\tests\\secret', 'dest': 'C:\\Users\\griuc\\Desktop\\Https Server\\data\\tests\\secret'} self.data=None e=PermissionError(13, 'пїЅпїЅпїЅпїЅпїЅпїЅпїЅпїЅ пїЅ пїЅпїЅпїЅпїЅпїЅпїЅпїЅ')
fileworker@error-[2025-08-11T19:49:50]:~$ [31mError[0m: Raised exception self.path={'source': 'C:\\Users\\griuc\\Desktop\\Https Server\\data\\tests\\secret', 'dest': 'C:\\Users\\griuc\\Desktop\\Https Server\\data\\tests\\secret'} self.data=None e=PermissionError(13, 'пїЅпїЅпїЅпїЅпїЅпїЅпїЅпїЅ пїЅ пїЅпїЅпїЅпїЅпїЅпїЅпїЅ')
fileworker@error-[2025-08-11T19:49:52]:~$ [31mError[0m: Raised exception self.path={'source': 'C:\\Users\\griuc\\Desktop\\Https Server\\data\\tests\\secret', 'dest': 'C:\\Users\\griuc\\Desktop\\Https Server\\data\\tests\\secret'} self.data=None e=PermissionError(13, 'пїЅпїЅпїЅпїЅпїЅпїЅпїЅпїЅ пїЅ пїЅпїЅпїЅпїЅпїЅпїЅпїЅ')
fileworker@error-[2025-08-11T19:49:53]:~$ [31mError[0m: Raised exception self.path={'source': 'C:\\Users\\griuc\\Desktop\\Https Server\\data\\tests\\secret', 'dest': 'C:\\Users\\griuc\\Desktop\\Https Server\\data\\tests\\secret'} self.data=None e=PermissionError(13, 'пїЅпїЅпїЅпїЅпїЅпїЅпїЅпїЅ пїЅ пїЅпїЅпїЅпїЅпїЅпїЅпїЅ')
fileworker@error-[2025-08-11T19:49:54]:~$ [31mError[0m: Raised exception self.path={'source': 'C:\\Users\\griuc\\Desktop\\Https Server\\data\\tests\\secret', 'dest': 'C:\\Users\\griuc\\Desktop\\Https Server\\data\\tests\\secret'} self.data=None e=PermissionError(13, 'пїЅпїЅпїЅпїЅпїЅпїЅпїЅпїЅ пїЅ пїЅпїЅпїЅпїЅпїЅпїЅпїЅ')
fileworker@error-[2025-08-12T22:35:08]:~$ [31mError[0m: Raised exception self.path={'source': 'C:\\Users\\griuc\\Desktop\\Https Server\\data\\i.jpg', 'dest': 'C:\\Users\\griuc\\Desktop\\Https Server\\data'} self.data=None e=PermissionError(13, 'Permission denied')
fileworker@error-[2025-08-12T22:38:48]:~$ [31mError[0m: Raised exception self.path={'source': 'C:\\Users\\griuc\\Desktop\\Https Server\\data\\i.jpg', 'dest': 'C:\\Users\\griuc\\Desktop\\Https Server\\data\\i.jpg'} self.data=None e=SameFileError("'C:\\\\Users\\\\griuc\\\\Desktop\\\\Https Server\\\\data\\\\i.jpg' and 'C:\\\\Users\\\\griuc\\\\Desktop\\\\Https Server\\\\data\\\\i.jpg' are the same file")
fileworker@error-[2025-08-12T22:39:19]:~$ [31mError[0m: Raised exception self.path={'source': 'C:\\Users\\griuc\\Desktop\\Https Server\\data\\i.jpg', 'dest': 'C:\\Users\\griuc\\Desktop\\Https Server\\data\\i.jpg'} self.data=None e=SameFileError("'C:\\\\Users\\\\griuc\\\\Desktop\\\\Https Server\\\\data\\\\i.jpg' and 'C:\\\\Users\\\\griuc\\\\Desktop\\\\Https Server\\\\data\\\\i.jpg' are the same file")
fileworker@error-[2025-08-12T22:39:40]:~$ [31mError[0m: Raised exception self.path={'source': 'C:\\Users\\griuc\\Desktop\\Https Server\\data\\i.jpg', 'dest': 'C:\\Users\\griuc\\Desktop\\Https Server\\data\\i.jpg'} self.data=None e=SameFileError("'C:\\\\Users\\\\griuc\\\\Desktop\\\\Https Server\\\\data\\\\i.jpg' and 'C:\\\\Users\\\\griuc\\\\Desktop\\\\Https Server\\\\data\\\\i.jpg' are the same file")
fileworker@error-[2025-08-12T22:40:55]:~$ [31mError[0m: Raised exception self.path={'source': 'C:\\Users\\griuc\\Desktop\\Https Server\\data\\i.jpg', 'dest': 'C:\\Users\\griuc\\Desktop\\Https Server\\data\\i.jpg'} self.data=None e=SameFileError("'C:\\\\Users\\\\griuc\\\\Desktop\\\\Https Server\\\\data\\\\i.jpg' and 'C:\\\\Users\\\\griuc\\\\Desktop\\\\Https Server\\\\data\\\\i.jpg' are the same file")
fileworker@error-[2025-08-12T22:41:55]:~$ [31mError[0m: Raised exception self.path={'source': 'C:\\Users\\griuc\\Desktop\\Https Server\\data\\i.jpg', 'dest': 'C:\\Users\\griuc\\Desktop\\Https Server\\data\\i.jpg'} self.data=None e=SameFileError("'C:\\\\Users\\\\griuc\\\\Desktop\\\\Https Server\\\\data\\\\i.jpg' and 'C:\\\\Users\\\\griuc\\\\Desktop\\\\Https Server\\\\data\\\\i.jpg' are the same file")
fileworker@error-[2025-08-12T22:43:45]:~$ [31mError[0m: Raised exception self.path={'source': 'C:\\Users\\griuc\\Desktop\\Https Server\\data\\i (1).jpg', 'dest': 'C:\\Users\\griuc\\Desktop\\Https Server\\data'} self.data=None e=PermissionError(13, 'Permission denied')
fileworker@error-[2025-08-12T22:44:20]:~$ [31mError[0m: Raised exception self.path={'source': 'C:\\Users\\griuc\\Desktop\\Https Server\\data\\i (1).jpg', 'dest': 'C:\\Users\\griuc\\Desktop\\Https Server\\data'} self.data=None e=PermissionError(13, 'Permission denied')
fileworker@error-[2025-08-12T22:45:03]:~$ [31mError[0m: Raised exception self.path={'source': 'C:\\Users\\griuc\\Desktop\\Https Server\\data\\i (1).jpg', 'dest': 'C:\\Users\\griuc\\Desktop\\Https Server\\data'} self.data=None e=PermissionError(13, 'Permission denied')
fileworker@error-[2025-08-12T22:45:21]:~$ [31mError[0m: Raised exception self.path={'source': 'C:\\Users\\griuc\\Desktop\\Https Server\\data\\i (1).jpg', 'dest': 'C:\\Users\\griuc\\Desktop\\Https Server\\data'} self.data=None e=PermissionError(13, 'Permission denied')
fileworker@error-[2025-08-12T23:02:06]:~$ [31mError[0m: Raised exception self.path={'source': 'C:\\Users\\griuc\\Desktop\\Https Server\\data\\i.jpg', 'dest': 'C:\\Users\\griuc\\Desktop\\Https Server\\data'} self.data=None e=PermissionError(13, 'Permission denied')
fileworker@error-[2025-08-12T23:04:12]:~$ [31mError[0m: Raised exception self.path={'source': 'C:\\Users\\griuc\\Desktop\\Https Server\\data\\i.jpg', 'dest': 'C:\\Users\\griuc\\Desktop\\Https Server\\data'} self.data=None e=PermissionError(13, 'Permission denied')
fileworker@error-[2025-08-12T23:06:51]:~$ [31mError[0m: Source file not found self.path={'source': 'C:\\Users\\griuc\\Desktop\\Https Server\\data\\app.py', 'dest': 'C:\\Users\\griuc\\Desktop\\Https Server\\data\\cached\\exec\\app (1).py'}
fileworker@error-[2025-08-12T23:06:51]:~$ [31mError[0m: Path "{'source': 'C:\\Users\\griuc\\Desktop\\Https Server\\data\\app.py', 'dest': 'C:\\Users\\griuc\\Desktop\\Https Server\\data\\cached\\exec\\app (1).py'}" not found
fileworker@error-[2025-08-12T23:06:58]:~$ [31mError[0m: Source file not found self.path={'source': 'C:\\Users\\griuc\\Desktop\\Https Server\\data\\app.py', 'dest': 'C:\\Users\\griuc\\Desktop\\Https Server\\data\\cached\\exec\\app (1).py'}
fileworker@error-[2025-08-12T23:06:58]:~$ [31mError[0m: Path "{'source': 'C:\\Users\\griuc\\Desktop\\Https Server\\data\\app.py', 'dest': 'C:\\Users\\griuc\\Desktop\\Https Server\\data\\cached\\exec\\app (1).py'}" not found
fileworker@error-[2025-08-12T23:07:58]:~$ [31mError[0m: Source file not found self.path={'source': 'C:\\Users\\griuc\\Desktop\\Https Server\\data\\app.py', 'dest': 'C:\\Users\\griuc\\Desktop\\Https Server\\data\\cached\\exec\\app (1).py'}
fileworker@error-[2025-08-12T23:07:58]:~$ [31mError[0m: Path "{'source': 'C:\\Users\\griuc\\Desktop\\Https Server\\data\\app.py', 'dest': 'C:\\Users\\griuc\\Desktop\\Https Server\\data\\cached\\exec\\app (1).py'}" not found
fileworker@error-[2025-08-12T23:08:42]:~$ [31mError[0m: Raised exception self.path={'source': 'C:\\Users\\griuc\\Desktop\\Https Server\\data\\photos', 'dest': 'C:\\Users\\griuc\\Desktop\\Https Server\\data\\photos (1).'} self.data=None e=PermissionError(13, 'Permission denied')
fileworker@error-[2025-08-12T23:08:47]:~$ [31mError[0m: Raised exception self.path={'source': 'C:\\Users\\griuc\\Desktop\\Https Server\\data\\photos', 'dest': 'C:\\Users\\griuc\\Desktop\\Https Server\\data\\photos (1).'} self.data=None e=PermissionError(13, 'Permission denied')
fileworker@error-[2025-08-13T09:47:21]:~$ Error: Source file not found self.path={'old': 'i.jpg', 'new': 'icq.jpg'}
fileworker@error-[2025-08-13T09:47:21]:~$ Error: Path "{'old': 'i.jpg', 'new': 'icq.jpg'}" not found
fileworker@error-[2025-08-13T13:03:16]:~$ Error: Source file not found self.path={'source': 'C:\\Users\\griuc\\Desktop\\Https Server\\data\\<ya-tr-span data-index="6-0" data-translated="true" data-source-lang="en" data-target-lang="ru" data-value="projects" data-translation="Проекты" data-ch="0" data-type="trSpan" style="visibility: inherit !important;">Проекты<\\ya-tr-span>', 'dest': 'C:\\Users\\griuc\\Desktop\\Https Server\\data\\<ya-tr-span data-index="6-0" data-translated="true" data-source-lang="en" data-target-lang="ru" data-value="projects" data-translation="Проекты" data-ch="0" data-type="trSpan" style="visibility: inherit !important;">Проекты<\\ya-tr-span>'}
fileworker@error-[2025-08-13T13:03:16]:~$ Error: Path "{'source': 'C:\\Users\\griuc\\Desktop\\Https Server\\data\\<ya-tr-span data-index="6-0" data-translated="true" data-source-lang="en" data-target-lang="ru" data-value="projects" data-translation="Проекты" data-ch="0" data-type="trSpan" style="visibility: inherit !important;">Проекты<\\ya-tr-span>', 'dest': 'C:\\Users\\griuc\\Desktop\\Https Server\\data\\<ya-tr-span data-index="6-0" data-translated="true" data-source-lang="en" data-target-lang="ru" data-value="projects" data-translation="Проекты" data-ch="0" data-type="trSpan" style="visibility: inherit !important;">Проекты<\\ya-tr-span>'}" not found
fileworker@error-[2025-08-13T13:03:27]:~$ Error: Raised exception self.path={'source': 'C:\\Users\\griuc\\Desktop\\Https Server\\data\\projects', 'dest': 'C:\\Users\\griuc\\Desktop\\Https Server\\data\\projects (1).'} self.data=None e=PermissionError(13, 'Permission denied')
fileworker@error-[2025-08-13T13:03:44]:~$ Error: Raised exception self.path={'source': 'C:\\Users\\griuc\\Desktop\\Https Server\\data\\projects', 'dest': 'C:\\Users\\griuc\\Desktop\\Https Server\\data\\projects (1).'} self.data=None e=PermissionError(13, 'Permission denied')
fileworker@info-[2025-08-13T13:04:33]:~$ Info: Copying directory C:\Users\griuc\Desktop\Https Server\data\projects to C:\Users\griuc\Desktop\Https Server\data\projects (1).
fileworker@error-[2025-08-13T13:06:07]:~$ Error: Source file not found self.path={'source': 'C:\\Users\\griuc\\Desktop\\Https Server\\data\\photos\\image.jpg', 'dest': 'C:\\Users\\griuc\\Desktop\\Https Server\\data\\photos\\image.jpg'}
fileworker@error-[2025-08-13T13:06:07]:~$ Error: Path "{'source': 'C:\\Users\\griuc\\Desktop\\Https Server\\data\\photos\\image.jpg', 'dest': 'C:\\Users\\griuc\\Desktop\\Https Server\\data\\photos\\image.jpg'}" not found
fileworker@error-[2025-08-13T13:06:21]:~$ Error: Source file not found self.path={'source': 'C:\\Users\\griuc\\Desktop\\Https Server\\data\\photos\\image.jpg', 'dest': 'C:\\Users\\griuc\\Desktop\\Https Server\\data\\photos\\image.jpg'}
fileworker@error-[2025-08-13T13:06:21]:~$ Error: Path "{'source': 'C:\\Users\\griuc\\Desktop\\Https Server\\data\\photos\\image.jpg', 'dest': 'C:\\Users\\griuc\\Desktop\\Https Server\\data\\photos\\image.jpg'}" not found
fileworker@info-[2025-08-13T13:28:22]:~$ Info: Copying directory C:\Users\griuc\Desktop\Https Server\data\Testifu to C:\Users\griuc\Desktop\Https Server\data\Testifu (1).
fileworker@info-[2025-08-13T13:29:20]:~$ Info: Copying directory C:\Users\griuc\Desktop\Https Server\data\Testifu to C:\Users\griuc\Desktop\Https Server\data\Testifu (1).
fileworker@info-[2025-08-13T13:29:28]:~$ Info: Copying directory C:\Users\griuc\Desktop\Https Server\data\Testifu to C:\Users\griuc\Desktop\Https Server\data\projects\Testifu
fileworker@error ~ Error: File not found self.path='C:\\Users\\griuc\\Desktop\\Https Server\\templates\\css\\bootstrap-material-design-master\\viewdir'
fileworker@error ~ Error: File not found self.path='C:\\Users\\griuc\\Desktop\\Https Server\\templates\\css\\bootstrap-material-design-master\\viewdir'
fileworker@error-[2025-12-26T22:14:26]:~$ Error: Path "c:\Users\griuc\Desktop\Https Server\templates\css\bootstrap-material-design-master\viewdir&paste=projects\test.cpp" not found
[2026-02-23T21:00:11] [FILEWORKER] [ERROR] Error: Path "C:\Users\griuc\Desktop\Https Server\templates\css\bootstrap-material-design-master\viewdir" not found
[2026-02-23T21:01:06] [FILEWORKER] [ERROR] Error: Path "C:\Users\griuc\Desktop\Https Server\templates\css\bootstrap-material-design-master\viewdir" not found
[2026-02-23T21:05:40] [FILEWORKER] [ERROR] Error: Path "C:\Users\griuc\Desktop\Https Server\templates\css\bootstrap-material-design-master\viewdir" not found
[2026-02-23T21:05:41] [FILEWORKER] [ERROR] Error: Path "C:\Users\griuc\Desktop\Https Server\templates\css\bootstrap-material-design-master\viewdir" not found
[2026-02-23T21:06:03] [FILEWORKER] [ERROR] Error: Path "C:\Users\griuc\Desktop\Https Server\templates\css\bootstrap-material-design-master\viewdir" not found
[2026-02-23T21:06:04] [FILEWORKER] [ERROR] Error: Path "C:\Users\griuc\Desktop\Https Server\templates\css\bootstrap-material-design-master\viewdir" not found
[2026-02-26T23:34:25] [FILEWORKER] [ERROR] Error: Raised exception self.path='C:\\Users\\griuc\\Desktop\\Https Server\\server\\"D:\\FS DATA"\\Apk' self.data=None e=OSError(22, 'Синтаксическая ошибка в имени файла, имени папки или метке тома')
[2026-02-26T23:35:28] [FILEWORKER] [ERROR] Error: Raised exception self.path='C:\\Users\\griuc\\Desktop\\Https Server\\server\\"D:\\FS DATA"\\Apk' self.data=None e=OSError(22, 'Синтаксическая ошибка в имени файла, имени папки или метке тома')
[2026-02-26T23:37:18] [FILEWORKER] [ERROR] Error: Raised exception self.path='C:\\Users\\griuc\\Desktop\\Https Server\\server\\"D:\\FS DATA"\\Apk' self.data=None e=OSError(22, 'Синтаксическая ошибка в имени файла, имени папки или метке тома')
[2026-02-26T23:37:39] [FILEWORKER] [ERROR] Error: Raised exception self.path='C:\\Users\\griuc\\Desktop\\Https Server\\server\\"D:\\FS DATA"\\Apk' self.data=None e=OSError(22, 'Синтаксическая ошибка в имени файла, имени папки или метке тома')
